2025-02-22 23:21:03 | ERROR | Test error
2025-02-22 23:24:45 | INFO | Surpass token limit: 88
2025-02-22 23:24:45 | INFO | Surpass token limit: 88
2025-02-22 23:24:50 | INFO | Surpass token limit: 88
2025-02-22 23:24:50 | INFO | Surpass token limit: 88
2025-02-22 23:33:42 | INFO | Surpass token limit: 6488
2025-02-22 23:33:42 | INFO | Surpass token limit: 6488
2025-02-22 23:46:33 | INFO | Surpass token limit: 200
2025-02-22 23:46:48 | INFO | Surpass token limit: 200
2025-02-22 23:46:48 | INFO | Surpass token limit: 200
2025-02-22 23:47:07 | INFO | Surpass token limit: 200
2025-02-22 23:47:07 | INFO | Surpass token limit: 200
2025-02-22 23:47:23 | INFO | Surpass token limit: 200
2025-02-22 23:47:23 | INFO | Surpass token limit: 200
2025-02-22 23:47:38 | INFO | Surpass token limit: 200
2025-02-22 23:47:38 | INFO | Surpass token limit: 200
2025-02-22 23:47:52 | INFO | Surpass token limit: 200
2025-02-22 23:47:52 | INFO | Surpass token limit: 200
2025-02-22 23:48:06 | INFO | Surpass token limit: 200
2025-02-22 23:48:06 | INFO | Surpass token limit: 200
2025-02-22 23:48:19 | INFO | Surpass token limit: 200
2025-02-22 23:48:19 | INFO | Surpass token limit: 200
2025-02-22 23:48:36 | INFO | Surpass token limit: 200
2025-02-22 23:48:36 | INFO | Surpass token limit: 200
2025-02-22 23:48:45 | INFO | Surpass token limit: 200
2025-02-22 23:48:45 | INFO | Surpass token limit: 200
2025-02-22 23:48:57 | INFO | Surpass token limit: 200
2025-02-22 23:48:57 | INFO | Surpass token limit: 200
2025-02-22 23:49:01 | INFO | Surpass token limit: 200
2025-02-22 23:49:01 | INFO | Surpass token limit: 200
2025-02-22 23:49:13 | INFO | Surpass token limit: 200
2025-02-22 23:49:13 | INFO | Surpass token limit: 200
2025-02-22 23:49:22 | INFO | Surpass token limit: 200
2025-02-22 23:49:22 | INFO | Surpass token limit: 200
2025-02-22 23:49:26 | INFO | Surpass token limit: 200
2025-02-22 23:49:26 | INFO | Surpass token limit: 200
2025-02-22 23:49:43 | INFO | Surpass token limit: 200
2025-02-22 23:49:43 | INFO | Surpass token limit: 200
2025-02-22 23:49:44 | INFO | Surpass token limit: 200
2025-02-22 23:49:44 | INFO | Surpass token limit: 200
2025-02-22 23:50:01 | INFO | Surpass token limit: 200
2025-02-22 23:50:01 | INFO | Surpass token limit: 200
2025-02-22 23:50:03 | INFO | Surpass token limit: 200
2025-02-22 23:50:03 | INFO | Surpass token limit: 200
2025-02-22 23:50:14 | INFO | Surpass token limit: 200
2025-02-22 23:50:14 | INFO | Surpass token limit: 200
2025-02-22 23:50:18 | INFO | Surpass token limit: 200
2025-02-22 23:50:18 | INFO | Surpass token limit: 200
2025-02-22 23:50:30 | INFO | Surpass token limit: 200
2025-02-22 23:50:30 | INFO | Surpass token limit: 200
2025-02-22 23:50:36 | INFO | Surpass token limit: 200
2025-02-22 23:50:36 | INFO | Surpass token limit: 200
2025-02-22 23:50:45 | INFO | Surpass token limit: 200
2025-02-22 23:50:45 | INFO | Surpass token limit: 200
2025-02-22 23:50:59 | INFO | Surpass token limit: 200
2025-02-22 23:50:59 | INFO | Surpass token limit: 200
2025-02-22 23:51:01 | INFO | Surpass token limit: 200
2025-02-22 23:51:01 | INFO | Surpass token limit: 200
2025-02-22 23:51:21 | INFO | Surpass token limit: 200
2025-02-22 23:51:21 | INFO | Surpass token limit: 200
2025-02-22 23:51:38 | INFO | Surpass token limit: 200
2025-02-22 23:51:38 | INFO | Surpass token limit: 200
2025-02-22 23:51:54 | INFO | Surpass token limit: 200
2025-02-22 23:51:54 | INFO | Surpass token limit: 200
2025-02-22 23:52:10 | INFO | Surpass token limit: 200
2025-02-22 23:52:10 | INFO | Surpass token limit: 200
2025-02-22 23:52:26 | INFO | Surpass token limit: 200
2025-02-22 23:52:26 | INFO | Surpass token limit: 200
2025-02-22 23:52:39 | INFO | Surpass token limit: 200
2025-02-22 23:52:42 | INFO | Surpass token limit: 200
2025-02-22 23:52:42 | INFO | Surpass token limit: 200
2025-02-22 23:52:53 | INFO | Surpass token limit: 200
2025-02-22 23:52:53 | INFO | Surpass token limit: 200
2025-02-22 23:52:57 | INFO | Surpass token limit: 200
2025-02-22 23:52:57 | INFO | Surpass token limit: 200
2025-02-22 23:53:10 | INFO | Surpass token limit: 200
2025-02-22 23:53:10 | INFO | Surpass token limit: 200
2025-02-22 23:53:14 | INFO | Surpass token limit: 200
2025-02-22 23:53:14 | INFO | Surpass token limit: 200
2025-02-22 23:53:27 | INFO | Surpass token limit: 200
2025-02-22 23:53:27 | INFO | Surpass token limit: 200
2025-02-22 23:53:30 | INFO | Surpass token limit: 200
2025-02-22 23:53:30 | INFO | Surpass token limit: 200
2025-02-22 23:53:46 | INFO | Surpass token limit: 200
2025-02-22 23:53:46 | INFO | Surpass token limit: 200
2025-02-22 23:53:59 | INFO | Surpass token limit: 200
2025-02-22 23:53:59 | INFO | Surpass token limit: 200
2025-02-22 23:54:14 | INFO | Surpass token limit: 200
2025-02-22 23:54:14 | INFO | Surpass token limit: 200
2025-02-22 23:54:30 | INFO | Surpass token limit: 200
2025-02-22 23:54:30 | INFO | Surpass token limit: 200
2025-02-22 23:54:44 | INFO | Surpass token limit: 200
2025-02-22 23:54:44 | INFO | Surpass token limit: 200
2025-02-22 23:54:56 | INFO | Surpass token limit: 200
2025-02-22 23:54:56 | INFO | Surpass token limit: 200
2025-02-22 23:54:58 | INFO | Surpass token limit: 200
2025-02-22 23:54:58 | INFO | Surpass token limit: 200
2025-02-22 23:55:12 | INFO | Surpass token limit: 200
2025-02-22 23:55:12 | INFO | Surpass token limit: 200
2025-02-22 23:55:14 | INFO | Surpass token limit: 200
2025-02-22 23:55:29 | INFO | Surpass token limit: 200
2025-02-22 23:55:29 | INFO | Surpass token limit: 200
2025-02-22 23:55:31 | INFO | Surpass token limit: 200
2025-02-22 23:55:31 | INFO | Surpass token limit: 200
2025-02-22 23:55:45 | INFO | Surpass token limit: 200
2025-02-22 23:55:45 | INFO | Surpass token limit: 200
2025-02-22 23:55:47 | INFO | Surpass token limit: 200
2025-02-22 23:55:47 | INFO | Surpass token limit: 200
2025-02-22 23:56:04 | INFO | Surpass token limit: 200
2025-02-22 23:56:28 | INFO | Surpass token limit: 200
2025-02-22 23:56:28 | INFO | Surpass token limit: 200
2025-02-22 23:56:46 | INFO | Surpass token limit: 200
2025-02-22 23:56:46 | INFO | Surpass token limit: 200
2025-02-22 23:57:03 | INFO | Surpass token limit: 200
2025-02-22 23:57:03 | INFO | Surpass token limit: 200
2025-02-22 23:57:13 | INFO | Surpass token limit: 200
2025-02-22 23:57:13 | INFO | Surpass token limit: 200
2025-02-22 23:57:28 | INFO | Surpass token limit: 200
2025-02-22 23:57:28 | INFO | Surpass token limit: 200
2025-02-22 23:57:43 | INFO | Surpass token limit: 200
2025-02-22 23:57:43 | INFO | Surpass token limit: 200
2025-02-22 23:57:56 | INFO | Surpass token limit: 200
2025-02-22 23:57:56 | INFO | Surpass token limit: 200
2025-02-22 23:58:16 | INFO | Surpass token limit: 200
2025-02-22 23:58:16 | INFO | Surpass token limit: 200
2025-02-22 23:58:33 | INFO | Surpass token limit: 200
2025-02-22 23:58:33 | INFO | Surpass token limit: 200
2025-02-22 23:58:48 | INFO | Surpass token limit: 200
2025-02-22 23:59:31 | INFO | Surpass token limit: 200
2025-02-22 23:59:45 | INFO | Surpass token limit: 200
2025-02-22 23:59:45 | INFO | Surpass token limit: 200
2025-02-23 00:00:00 | INFO | Surpass token limit: 200
2025-02-23 00:00:00 | INFO | Surpass token limit: 200
2025-02-23 00:00:15 | INFO | Surpass token limit: 200
2025-02-23 00:00:15 | INFO | Surpass token limit: 200
2025-02-23 09:45:50 | ERROR | 502 Server Error: Bad Gateway for url: http://10.101.100.11:8021/chat
2025-02-23 09:45:50 | ERROR | 502 Server Error: Bad Gateway for url: http://10.101.100.11:8021/chat
2025-02-23 09:48:49 | ERROR | 502 Server Error: Bad Gateway for url: http://10.101.100.11:8021/chat
2025-02-23 10:05:02 | INFO | Surpass token limit: 2000
2025-02-23 11:18:24 | INFO | Surpass token limit: 300
2025-02-23 12:29:00 | ERROR | 502 Server Error: Bad Gateway for url: http://10.101.100.11:8031/chat
2025-02-23 12:29:00 | ERROR | 502 Server Error: Bad Gateway for url: http://10.101.100.11:8031/chat
2025-02-23 12:29:11 | ERROR | 500 Server Error: Internal Server Error for url: http://10.101.100.11:8031/chat
2025-02-23 12:29:11 | ERROR | 500 Server Error: Internal Server Error for url: http://10.101.100.11:8031/chat
2025-02-23 12:29:33 | ERROR | 500 Server Error: Internal Server Error for url: http://10.101.100.11:8031/chat
2025-02-23 12:29:33 | ERROR | 500 Server Error: Internal Server Error for url: http://10.101.100.11:8031/chat
2025-02-23 13:16:26 | ERROR | 'Request' object has no attribute 'scenario_name'
2025-02-23 13:17:51 | ERROR | 502 Server Error: Bad Gateway for url: http://10.101.100.11:8031/chat
